Server Crash Report
===================

RunUO Version 2.7, Build 0.5425
Operating System: Microsoft Windows NT 6.2.9200.0
.NET Framework: 4.0.30319.42000
Time: 7/13/2017 6:15:57 PM
Mobiles: 26255
Items: 157561
Exception:
System.NullReferenceException: Object reference not set to an instance of an object.
   at Server.AosAttributes.GetValue(Mobile m, AosAttribute attribute)
   at Server.Mobiles.Golem.OnDamage(Int32 amount, Mobile from, Boolean willKill)
   at Server.Mobile.Damage(Int32 amount, Mobile from, Boolean informMount) in C:\runuo\Server\Mobile.cs:line 5187
   at Server.Mobile.Damage(Int32 amount, Mobile from) in C:\runuo\Server\Mobile.cs:line 5139
   at Server.Mobiles.BaseCreature.Damage(Int32 amount, Mobile from)
   at Server.Mobile.Damage(Int32 amount) in C:\runuo\Server\Mobile.cs:line 5129
   at Server.Spells.SpellHelper.SpellDamageTimer.OnTick()
   at Server.Timer.Slice() in C:\runuo\Server\Timer.cs:line 393
   at Server.Core.Main(String[] args) in C:\runuo\Server\Main.cs:line 536

Clients:
- Count: 4
+ 135.26.163.52: (account = mom) (mobile = 0x6AB 'Davonna')
+ 135.26.163.52: (account = mom2) (mobile = 0x101F7 'Teeny')
+ 10.10.10.209: (account = kairi) (mobile = 0xF1 'Kai')
+ 10.10.10.209: (account = kairi1.0) (mobile = 0x6004 'Kairi')
