# 3/23/2017 4:35:38 AM
   at Server.Mobile.Delta(MobileDelta flag)
   at Server.Mobiles.PlayerMobile.Delta(MobileDelta flag)
   at Server.Mobile.GetStatOffset(StatType type)
   at Server.Mobiles.PlayerMobile.get_HitsMax()
   at Server.Network.MobileStatusExtended..ctor(Mobile m, NetState ns)
   at Server.Mobile.ProcessDelta()
   at Server.Mobile.ProcessDeltaQueue()
   at Server.Core.Main(String[] args)


# 4/11/2017 12:46:18 AM
   at Server.Mobile.Delta(MobileDelta flag)
   at Server.Mobiles.PlayerMobile.Delta(MobileDelta flag)
   at Server.Mobile.GetStatOffset(StatType type)
   at Server.Mobiles.PlayerMobile.get_HitsMax()
   at Server.Network.MobileStatusExtended..ctor(Mobile m, NetState ns)
   at Server.Mobile.ProcessDelta()
   at Server.Mobile.ProcessDeltaQueue()
   at Server.Core.Main(String[] args)


# 4/11/2017 2:24:54 AM
   at Server.Mobile.Delta(MobileDelta flag)
   at Server.Mobiles.PlayerMobile.Delta(MobileDelta flag)
   at Server.Mobile.GetStatOffset(StatType type)
   at Server.Mobiles.PlayerMobile.get_HitsMax()
   at Server.Network.MobileStatusExtended..ctor(Mobile m, NetState ns)
   at Server.Mobile.ProcessDelta()
   at Server.Mobile.ProcessDeltaQueue()
   at Server.Core.Main(String[] args)


# 4/11/2017 7:32:33 AM
   at Server.Mobile.Delta(MobileDelta flag)
   at Server.Mobiles.PlayerMobile.Delta(MobileDelta flag)
   at Server.Mobile.GetStatOffset(StatType type)
   at Server.Mobiles.PlayerMobile.get_HitsMax()
   at Server.Network.MobileStatusExtended..ctor(Mobile m, NetState ns)
   at Server.Mobile.ProcessDelta()
   at Server.Mobile.ProcessDeltaQueue()
   at Server.Core.Main(String[] args)


# 4/11/2017 8:34:58 AM
   at Server.Mobile.Delta(MobileDelta flag)
   at Server.Mobiles.PlayerMobile.Delta(MobileDelta flag)
   at Server.Mobile.GetStatOffset(StatType type)
   at Server.Mobiles.PlayerMobile.get_HitsMax()
   at Server.Network.MobileStatusExtended..ctor(Mobile m, NetState ns)
   at Server.Mobile.ProcessDelta()
   at Server.Mobile.ProcessDeltaQueue()
   at Server.Core.Main(String[] args)


# 5/21/2017 11:26:47 PM
   at Server.Mobile.Delta(MobileDelta flag)
   at Server.Mobiles.PlayerMobile.Delta(MobileDelta flag)
   at Server.Mobile.GetStatOffset(StatType type)
   at Server.Mobiles.PlayerMobile.get_HitsMax()
   at Server.Network.MobileStatusExtended..ctor(Mobile m, NetState ns)
   at Server.Mobile.ProcessDelta()
   at Server.Mobile.ProcessDeltaQueue()
   at Server.Core.Main(String[] args)


# 5/22/2017 1:43:53 AM
   at Server.Mobile.Delta(MobileDelta flag)
   at Server.Mobiles.PlayerMobile.Delta(MobileDelta flag)
   at Server.Mobile.GetStatOffset(StatType type)
   at Server.Mobiles.PlayerMobile.get_HitsMax()
   at Server.Network.MobileStatusExtended..ctor(Mobile m, NetState ns)
   at Server.Mobile.ProcessDelta()
   at Server.Mobile.ProcessDeltaQueue()
   at Server.Core.Main(String[] args)


# 5/24/2017 4:28:32 AM
   at Server.Mobile.Delta(MobileDelta flag)
   at Server.Mobiles.PlayerMobile.Delta(MobileDelta flag)
   at Server.Mobile.GetStatOffset(StatType type)
   at Server.Mobiles.PlayerMobile.get_HitsMax()
   at Server.Network.MobileStatusExtended..ctor(Mobile m, NetState ns)
   at Server.Mobile.ProcessDelta()
   at Server.Mobile.ProcessDeltaQueue()
   at Server.Core.Main(String[] args)


# 5/24/2017 11:29:47 AM
   at Server.Mobile.Delta(MobileDelta flag)
   at Server.Mobiles.PlayerMobile.Delta(MobileDelta flag)
   at Server.Mobile.GetStatOffset(StatType type)
   at Server.Mobiles.PlayerMobile.get_HitsMax()
   at Server.Network.MobileStatusExtended..ctor(Mobile m, NetState ns)
   at Server.Mobile.ProcessDelta()
   at Server.Mobile.ProcessDeltaQueue()
   at Server.Core.Main(String[] args)


# 5/24/2017 9:21:34 PM
   at Server.Mobile.Delta(MobileDelta flag)
   at Server.Mobiles.PlayerMobile.Delta(MobileDelta flag)
   at Server.Mobile.GetStatOffset(StatType type)
   at Server.Mobiles.PlayerMobile.get_HitsMax()
   at Server.Network.MobileStatusExtended..ctor(Mobile m, NetState ns)
   at Server.Mobile.ProcessDelta()
   at Server.Mobile.ProcessDeltaQueue()
   at Server.Core.Main(String[] args)


# 5/26/2017 10:09:57 PM
   at Server.Mobile.Delta(MobileDelta flag)
   at Server.Mobiles.PlayerMobile.Delta(MobileDelta flag)
   at Server.Mobile.GetStatOffset(StatType type)
   at Server.Mobiles.PlayerMobile.get_HitsMax()
   at Server.Network.MobileStatusExtended..ctor(Mobile m, NetState ns)
   at Server.Mobile.ProcessDelta()
   at Server.Mobile.ProcessDeltaQueue()
   at Server.Core.Main(String[] args)


