# Bad spawns : 3/23/2017 12:10:32 AM
# Format: X Y Z F Name

1135	1132	-42	TerMur	QuartermasterFlint
1104	1128	-52	TerMur	ElderDugan
1089	1128	-42	TerMur	Gretchen
1150	963	-43	TerMur	NevilleBrightwhistle
1121	1132	-42	TerMur	FiddlingTobin
839	3086	83	TerMur	FeralTreefellow
917	3088	37	TerMur	FeralTreefellow
440	708	24	TerMur	PixieRenowned
684	579	-15	TerMur	AcidElementalRenowned
1015	976	-27	TerMur	Vernix
1014	1000	-43	TerMur	Xenrr
1204	1041	-42	TerMur	Jaacar
1189	989	-27	TerMur	Barreraak
1128	1165	-12	TerMur	Garamon
762	3073	105	TerMur	FeralTreefellow
887	277	3	TerMur	FairyDragon
887	277	3	TerMur	WyvernRenowned
674	828	-109	TerMur	SkeletalDragonRenowned
601	905	-60	TerMur	FireDaemonRenowned
536	657	8	TerMur	AncientLichRenowned
526	766	-92	TerMur	FireDaemonRenowned
581	815	-45	TerMur	GrayGoblinMageRenowned
581	815	-45	TerMur	GreenGoblinAlchemistRenowned
974	161	-11	TerMur	FireElementalRenowned
949	555	-14	TerMur	TikitaviRenowned
919	502	-12	TerMur	VitaviRenowned
982	491	-12	TerMur	RakktaviRenowned
992	337	9	TerMur	DevourerRenowned
4551	2320	-2	Felucca	boatpainter
4569	2304	-2	Felucca	dockmaster
4547	2321	-2	Felucca	bodysculptor
4551	2320	-2	Trammel	boatpainter
4569	2304	-2	Trammel	dockmaster
4547	2321	-2	Trammel	bodysculptor


# Bad spawns : 3/23/2017 12:12:13 AM
# Format: X Y Z F Name

1135	1132	-42	TerMur	QuartermasterFlint
1104	1128	-52	TerMur	ElderDugan
1089	1128	-42	TerMur	Gretchen
1150	963	-43	TerMur	NevilleBrightwhistle
1121	1132	-42	TerMur	FiddlingTobin
839	3086	83	TerMur	FeralTreefellow
917	3088	37	TerMur	FeralTreefellow
440	708	24	TerMur	PixieRenowned
684	579	-15	TerMur	AcidElementalRenowned
1015	976	-27	TerMur	Vernix
1014	1000	-43	TerMur	Xenrr
1204	1041	-42	TerMur	Jaacar
1189	989	-27	TerMur	Barreraak
1128	1165	-12	TerMur	Garamon
762	3073	105	TerMur	FeralTreefellow
887	277	3	TerMur	FairyDragon
887	277	3	TerMur	WyvernRenowned
674	828	-109	TerMur	SkeletalDragonRenowned
601	905	-60	TerMur	FireDaemonRenowned
536	657	8	TerMur	AncientLichRenowned
526	766	-92	TerMur	FireDaemonRenowned
581	815	-45	TerMur	GrayGoblinMageRenowned
581	815	-45	TerMur	GreenGoblinAlchemistRenowned
974	161	-11	TerMur	FireElementalRenowned
949	555	-14	TerMur	TikitaviRenowned
919	502	-12	TerMur	VitaviRenowned
982	491	-12	TerMur	RakktaviRenowned
992	337	9	TerMur	DevourerRenowned
4551	2320	-2	Felucca	boatpainter
4569	2304	-2	Felucca	dockmaster
4547	2321	-2	Felucca	bodysculptor
4551	2320	-2	Trammel	boatpainter
4569	2304	-2	Trammel	dockmaster
4547	2321	-2	Trammel	bodysculptor


# Bad spawns : 3/23/2017 1:01:05 AM
# Format: X Y Z F Name

1135	1132	-42	TerMur	QuartermasterFlint
1104	1128	-52	TerMur	ElderDugan
1089	1128	-42	TerMur	Gretchen
1150	963	-43	TerMur	NevilleBrightwhistle
1121	1132	-42	TerMur	FiddlingTobin
839	3086	83	TerMur	FeralTreefellow
917	3088	37	TerMur	FeralTreefellow
440	708	24	TerMur	PixieRenowned
684	579	-15	TerMur	AcidElementalRenowned
1015	976	-27	TerMur	Vernix
1014	1000	-43	TerMur	Xenrr
1204	1041	-42	TerMur	Jaacar
1189	989	-27	TerMur	Barreraak
1128	1165	-12	TerMur	Garamon
762	3073	105	TerMur	FeralTreefellow
887	277	3	TerMur	FairyDragon
887	277	3	TerMur	WyvernRenowned
674	828	-109	TerMur	SkeletalDragonRenowned
601	905	-60	TerMur	FireDaemonRenowned
536	657	8	TerMur	AncientLichRenowned
526	766	-92	TerMur	FireDaemonRenowned
581	815	-45	TerMur	GrayGoblinMageRenowned
581	815	-45	TerMur	GreenGoblinAlchemistRenowned
974	161	-11	TerMur	FireElementalRenowned
949	555	-14	TerMur	TikitaviRenowned
919	502	-12	TerMur	VitaviRenowned
982	491	-12	TerMur	RakktaviRenowned
992	337	9	TerMur	DevourerRenowned
4551	2320	-2	Felucca	boatpainter
4569	2304	-2	Felucca	dockmaster
4547	2321	-2	Felucca	bodysculptor
4551	2320	-2	Trammel	boatpainter
4569	2304	-2	Trammel	dockmaster
4547	2321	-2	Trammel	bodysculptor


# Bad spawns : 3/23/2017 1:04:06 AM
# Format: X Y Z F Name

1135	1132	-42	TerMur	QuartermasterFlint
1104	1128	-52	TerMur	ElderDugan
1089	1128	-42	TerMur	Gretchen
1150	963	-43	TerMur	NevilleBrightwhistle
1121	1132	-42	TerMur	FiddlingTobin
839	3086	83	TerMur	FeralTreefellow
917	3088	37	TerMur	FeralTreefellow
440	708	24	TerMur	PixieRenowned
684	579	-15	TerMur	AcidElementalRenowned
1015	976	-27	TerMur	Vernix
1014	1000	-43	TerMur	Xenrr
1204	1041	-42	TerMur	Jaacar
1189	989	-27	TerMur	Barreraak
1128	1165	-12	TerMur	Garamon
762	3073	105	TerMur	FeralTreefellow
887	277	3	TerMur	FairyDragon
887	277	3	TerMur	WyvernRenowned
674	828	-109	TerMur	SkeletalDragonRenowned
601	905	-60	TerMur	FireDaemonRenowned
536	657	8	TerMur	AncientLichRenowned
526	766	-92	TerMur	FireDaemonRenowned
581	815	-45	TerMur	GrayGoblinMageRenowned
581	815	-45	TerMur	GreenGoblinAlchemistRenowned
974	161	-11	TerMur	FireElementalRenowned
949	555	-14	TerMur	TikitaviRenowned
919	502	-12	TerMur	VitaviRenowned
982	491	-12	TerMur	RakktaviRenowned
992	337	9	TerMur	DevourerRenowned
4551	2320	-2	Felucca	boatpainter
4569	2304	-2	Felucca	dockmaster
4547	2321	-2	Felucca	bodysculptor
4551	2320	-2	Trammel	boatpainter
4569	2304	-2	Trammel	dockmaster
4547	2321	-2	Trammel	bodysculptor


# Bad spawns : 3/23/2017 5:39:32 PM
# Format: X Y Z F Name

1135	1132	-42	TerMur	QuartermasterFlint
1104	1128	-52	TerMur	ElderDugan
1089	1128	-42	TerMur	Gretchen
1150	963	-43	TerMur	NevilleBrightwhistle
1121	1132	-42	TerMur	FiddlingTobin
839	3086	83	TerMur	FeralTreefellow
917	3088	37	TerMur	FeralTreefellow
440	708	24	TerMur	PixieRenowned
684	579	-15	TerMur	AcidElementalRenowned
1015	976	-27	TerMur	Vernix
1014	1000	-43	TerMur	Xenrr
1204	1041	-42	TerMur	Jaacar
1189	989	-27	TerMur	Barreraak
1128	1165	-12	TerMur	Garamon
762	3073	105	TerMur	FeralTreefellow
887	277	3	TerMur	FairyDragon
887	277	3	TerMur	WyvernRenowned
674	828	-109	TerMur	SkeletalDragonRenowned
601	905	-60	TerMur	FireDaemonRenowned
536	657	8	TerMur	AncientLichRenowned
526	766	-92	TerMur	FireDaemonRenowned
581	815	-45	TerMur	GrayGoblinMageRenowned
581	815	-45	TerMur	GreenGoblinAlchemistRenowned
974	161	-11	TerMur	FireElementalRenowned
949	555	-14	TerMur	TikitaviRenowned
919	502	-12	TerMur	VitaviRenowned
982	491	-12	TerMur	RakktaviRenowned
992	337	9	TerMur	DevourerRenowned
4551	2320	-2	Felucca	boatpainter
4569	2304	-2	Felucca	dockmaster
4547	2321	-2	Felucca	bodysculptor
4551	2320	-2	Trammel	boatpainter
4569	2304	-2	Trammel	dockmaster
4547	2321	-2	Trammel	bodysculptor


# Bad spawns : 3/23/2017 6:55:12 PM
# Format: X Y Z F Name

1135	1132	-42	TerMur	QuartermasterFlint
1104	1128	-52	TerMur	ElderDugan
1089	1128	-42	TerMur	Gretchen
1150	963	-43	TerMur	NevilleBrightwhistle
1121	1132	-42	TerMur	FiddlingTobin
839	3086	83	TerMur	FeralTreefellow
917	3088	37	TerMur	FeralTreefellow
440	708	24	TerMur	PixieRenowned
684	579	-15	TerMur	AcidElementalRenowned
1015	976	-27	TerMur	Vernix
1014	1000	-43	TerMur	Xenrr
1204	1041	-42	TerMur	Jaacar
1189	989	-27	TerMur	Barreraak
1128	1165	-12	TerMur	Garamon
762	3073	105	TerMur	FeralTreefellow
887	277	3	TerMur	FairyDragon
887	277	3	TerMur	WyvernRenowned
674	828	-109	TerMur	SkeletalDragonRenowned
601	905	-60	TerMur	FireDaemonRenowned
536	657	8	TerMur	AncientLichRenowned
526	766	-92	TerMur	FireDaemonRenowned
581	815	-45	TerMur	GrayGoblinMageRenowned
581	815	-45	TerMur	GreenGoblinAlchemistRenowned
974	161	-11	TerMur	FireElementalRenowned
949	555	-14	TerMur	TikitaviRenowned
919	502	-12	TerMur	VitaviRenowned
982	491	-12	TerMur	RakktaviRenowned
992	337	9	TerMur	DevourerRenowned
4551	2320	-2	Felucca	boatpainter
4569	2304	-2	Felucca	dockmaster
4547	2321	-2	Felucca	bodysculptor
4551	2320	-2	Trammel	boatpainter
4569	2304	-2	Trammel	dockmaster
4547	2321	-2	Trammel	bodysculptor


# Bad spawns : 3/24/2017 1:21:50 PM
# Format: X Y Z F Name

4547	2321	-2	Felucca	bodysculptor
4569	2304	-2	Felucca	dockmaster
4551	2320	-2	Felucca	boatpainter
992	337	9	TerMur	DevourerRenowned
982	491	-12	TerMur	RakktaviRenowned
919	502	-12	TerMur	VitaviRenowned
949	555	-14	TerMur	TikitaviRenowned
974	161	-11	TerMur	FireElementalRenowned
581	815	-45	TerMur	GrayGoblinMageRenowned
581	815	-45	TerMur	GreenGoblinAlchemistRenowned
526	766	-92	TerMur	FireDaemonRenowned
536	657	8	TerMur	AncientLichRenowned
601	905	-60	TerMur	FireDaemonRenowned
684	579	-15	TerMur	AcidElementalRenowned
440	708	24	TerMur	PixieRenowned
674	828	-109	TerMur	SkeletalDragonRenowned
887	277	3	TerMur	FairyDragon
887	277	3	TerMur	WyvernRenowned
762	3073	105	TerMur	FeralTreefellow
917	3088	37	TerMur	FeralTreefellow
839	3086	83	TerMur	FeralTreefellow
1128	1165	-12	TerMur	Garamon
1121	1132	-42	TerMur	FiddlingTobin
1150	963	-43	TerMur	NevilleBrightwhistle
1089	1128	-42	TerMur	Gretchen
1104	1128	-52	TerMur	ElderDugan
1135	1132	-42	TerMur	QuartermasterFlint
1204	1041	-42	TerMur	Jaacar
1189	989	-27	TerMur	Barreraak
1014	1000	-43	TerMur	Xenrr
1015	976	-27	TerMur	Vernix


# Bad spawns : 3/24/2017 1:53:45 PM
# Format: X Y Z F Name

4547	2321	-2	Felucca	bodysculptor
4569	2304	-2	Felucca	dockmaster
4551	2320	-2	Felucca	boatpainter
992	337	9	TerMur	DevourerRenowned
982	491	-12	TerMur	RakktaviRenowned
919	502	-12	TerMur	VitaviRenowned
949	555	-14	TerMur	TikitaviRenowned
974	161	-11	TerMur	FireElementalRenowned
581	815	-45	TerMur	GrayGoblinMageRenowned
581	815	-45	TerMur	GreenGoblinAlchemistRenowned
526	766	-92	TerMur	FireDaemonRenowned
536	657	8	TerMur	AncientLichRenowned
601	905	-60	TerMur	FireDaemonRenowned
684	579	-15	TerMur	AcidElementalRenowned
440	708	24	TerMur	PixieRenowned
674	828	-109	TerMur	SkeletalDragonRenowned
887	277	3	TerMur	FairyDragon
887	277	3	TerMur	WyvernRenowned
762	3073	105	TerMur	FeralTreefellow
917	3088	37	TerMur	FeralTreefellow
839	3086	83	TerMur	FeralTreefellow
1128	1165	-12	TerMur	Garamon
1121	1132	-42	TerMur	FiddlingTobin
1150	963	-43	TerMur	NevilleBrightwhistle
1089	1128	-42	TerMur	Gretchen
1104	1128	-52	TerMur	ElderDugan
1135	1132	-42	TerMur	QuartermasterFlint
1204	1041	-42	TerMur	Jaacar
1189	989	-27	TerMur	Barreraak
1014	1000	-43	TerMur	Xenrr
1015	976	-27	TerMur	Vernix


# Bad spawns : 3/24/2017 2:09:18 PM
# Format: X Y Z F Name

4547	2321	-2	Felucca	bodysculptor
4569	2304	-2	Felucca	dockmaster
4551	2320	-2	Felucca	boatpainter
992	337	9	TerMur	DevourerRenowned
982	491	-12	TerMur	RakktaviRenowned
919	502	-12	TerMur	VitaviRenowned
949	555	-14	TerMur	TikitaviRenowned
974	161	-11	TerMur	FireElementalRenowned
581	815	-45	TerMur	GrayGoblinMageRenowned
581	815	-45	TerMur	GreenGoblinAlchemistRenowned
526	766	-92	TerMur	FireDaemonRenowned
536	657	8	TerMur	AncientLichRenowned
601	905	-60	TerMur	FireDaemonRenowned
684	579	-15	TerMur	AcidElementalRenowned
440	708	24	TerMur	PixieRenowned
674	828	-109	TerMur	SkeletalDragonRenowned
887	277	3	TerMur	FairyDragon
887	277	3	TerMur	WyvernRenowned
762	3073	105	TerMur	FeralTreefellow
917	3088	37	TerMur	FeralTreefellow
839	3086	83	TerMur	FeralTreefellow
1128	1165	-12	TerMur	Garamon
1121	1132	-42	TerMur	FiddlingTobin
1150	963	-43	TerMur	NevilleBrightwhistle
1089	1128	-42	TerMur	Gretchen
1104	1128	-52	TerMur	ElderDugan
1135	1132	-42	TerMur	QuartermasterFlint
1204	1041	-42	TerMur	Jaacar
1189	989	-27	TerMur	Barreraak
1014	1000	-43	TerMur	Xenrr
1015	976	-27	TerMur	Vernix


# Bad spawns : 3/24/2017 5:50:15 PM
# Format: X Y Z F Name

4547	2321	-2	Felucca	bodysculptor
4569	2304	-2	Felucca	dockmaster
4551	2320	-2	Felucca	boatpainter
992	337	9	TerMur	DevourerRenowned
982	491	-12	TerMur	RakktaviRenowned
919	502	-12	TerMur	VitaviRenowned
949	555	-14	TerMur	TikitaviRenowned
974	161	-11	TerMur	FireElementalRenowned
581	815	-45	TerMur	GrayGoblinMageRenowned
581	815	-45	TerMur	GreenGoblinAlchemistRenowned
526	766	-92	TerMur	FireDaemonRenowned
536	657	8	TerMur	AncientLichRenowned
601	905	-60	TerMur	FireDaemonRenowned
684	579	-15	TerMur	AcidElementalRenowned
440	708	24	TerMur	PixieRenowned
674	828	-109	TerMur	SkeletalDragonRenowned
887	277	3	TerMur	FairyDragon
887	277	3	TerMur	WyvernRenowned
762	3073	105	TerMur	FeralTreefellow
917	3088	37	TerMur	FeralTreefellow
839	3086	83	TerMur	FeralTreefellow
1128	1165	-12	TerMur	Garamon
1121	1132	-42	TerMur	FiddlingTobin
1150	963	-43	TerMur	NevilleBrightwhistle
1089	1128	-42	TerMur	Gretchen
1104	1128	-52	TerMur	ElderDugan
1135	1132	-42	TerMur	QuartermasterFlint
1204	1041	-42	TerMur	Jaacar
1189	989	-27	TerMur	Barreraak
1014	1000	-43	TerMur	Xenrr
1015	976	-27	TerMur	Vernix


# Bad spawns : 3/24/2017 6:18:33 PM
# Format: X Y Z F Name

4547	2321	-2	Felucca	bodysculptor
4569	2304	-2	Felucca	dockmaster
4551	2320	-2	Felucca	boatpainter
992	337	9	TerMur	DevourerRenowned
982	491	-12	TerMur	RakktaviRenowned
919	502	-12	TerMur	VitaviRenowned
949	555	-14	TerMur	TikitaviRenowned
974	161	-11	TerMur	FireElementalRenowned
581	815	-45	TerMur	GrayGoblinMageRenowned
581	815	-45	TerMur	GreenGoblinAlchemistRenowned
526	766	-92	TerMur	FireDaemonRenowned
536	657	8	TerMur	AncientLichRenowned
601	905	-60	TerMur	FireDaemonRenowned
684	579	-15	TerMur	AcidElementalRenowned
440	708	24	TerMur	PixieRenowned
674	828	-109	TerMur	SkeletalDragonRenowned
887	277	3	TerMur	FairyDragon
887	277	3	TerMur	WyvernRenowned
762	3073	105	TerMur	FeralTreefellow
917	3088	37	TerMur	FeralTreefellow
839	3086	83	TerMur	FeralTreefellow
1128	1165	-12	TerMur	Garamon
1121	1132	-42	TerMur	FiddlingTobin
1150	963	-43	TerMur	NevilleBrightwhistle
1089	1128	-42	TerMur	Gretchen
1104	1128	-52	TerMur	ElderDugan
1135	1132	-42	TerMur	QuartermasterFlint
1204	1041	-42	TerMur	Jaacar
1189	989	-27	TerMur	Barreraak
1014	1000	-43	TerMur	Xenrr
1015	976	-27	TerMur	Vernix


# Bad spawns : 3/24/2017 6:23:37 PM
# Format: X Y Z F Name

4547	2321	-2	Felucca	bodysculptor
4569	2304	-2	Felucca	dockmaster
4551	2320	-2	Felucca	boatpainter
992	337	9	TerMur	DevourerRenowned
982	491	-12	TerMur	RakktaviRenowned
919	502	-12	TerMur	VitaviRenowned
949	555	-14	TerMur	TikitaviRenowned
974	161	-11	TerMur	FireElementalRenowned
581	815	-45	TerMur	GrayGoblinMageRenowned
581	815	-45	TerMur	GreenGoblinAlchemistRenowned
526	766	-92	TerMur	FireDaemonRenowned
536	657	8	TerMur	AncientLichRenowned
601	905	-60	TerMur	FireDaemonRenowned
684	579	-15	TerMur	AcidElementalRenowned
440	708	24	TerMur	PixieRenowned
674	828	-109	TerMur	SkeletalDragonRenowned
887	277	3	TerMur	FairyDragon
887	277	3	TerMur	WyvernRenowned
762	3073	105	TerMur	FeralTreefellow
917	3088	37	TerMur	FeralTreefellow
839	3086	83	TerMur	FeralTreefellow
1128	1165	-12	TerMur	Garamon
1121	1132	-42	TerMur	FiddlingTobin
1150	963	-43	TerMur	NevilleBrightwhistle
1089	1128	-42	TerMur	Gretchen
1104	1128	-52	TerMur	ElderDugan
1135	1132	-42	TerMur	QuartermasterFlint
1204	1041	-42	TerMur	Jaacar
1189	989	-27	TerMur	Barreraak
1014	1000	-43	TerMur	Xenrr
1015	976	-27	TerMur	Vernix


# Bad spawns : 3/26/2017 12:29:47 AM
# Format: X Y Z F Name

4547	2321	-2	Felucca	bodysculptor
4569	2304	-2	Felucca	dockmaster
4551	2320	-2	Felucca	boatpainter
992	337	9	TerMur	DevourerRenowned
982	491	-12	TerMur	RakktaviRenowned
919	502	-12	TerMur	VitaviRenowned
949	555	-14	TerMur	TikitaviRenowned
974	161	-11	TerMur	FireElementalRenowned
581	815	-45	TerMur	GrayGoblinMageRenowned
581	815	-45	TerMur	GreenGoblinAlchemistRenowned
526	766	-92	TerMur	FireDaemonRenowned
536	657	8	TerMur	AncientLichRenowned
601	905	-60	TerMur	FireDaemonRenowned
684	579	-15	TerMur	AcidElementalRenowned
440	708	24	TerMur	PixieRenowned
674	828	-109	TerMur	SkeletalDragonRenowned
887	277	3	TerMur	FairyDragon
887	277	3	TerMur	WyvernRenowned
762	3073	105	TerMur	FeralTreefellow
917	3088	37	TerMur	FeralTreefellow
839	3086	83	TerMur	FeralTreefellow
1128	1165	-12	TerMur	Garamon
1121	1132	-42	TerMur	FiddlingTobin
1150	963	-43	TerMur	NevilleBrightwhistle
1089	1128	-42	TerMur	Gretchen
1104	1128	-52	TerMur	ElderDugan
1135	1132	-42	TerMur	QuartermasterFlint
1204	1041	-42	TerMur	Jaacar
1189	989	-27	TerMur	Barreraak
1014	1000	-43	TerMur	Xenrr
1015	976	-27	TerMur	Vernix


# Bad spawns : 3/26/2017 12:42:21 AM
# Format: X Y Z F Name

4547	2321	-2	Felucca	bodysculptor
4569	2304	-2	Felucca	dockmaster
4551	2320	-2	Felucca	boatpainter
992	337	9	TerMur	DevourerRenowned
982	491	-12	TerMur	RakktaviRenowned
919	502	-12	TerMur	VitaviRenowned
949	555	-14	TerMur	TikitaviRenowned
974	161	-11	TerMur	FireElementalRenowned
581	815	-45	TerMur	GrayGoblinMageRenowned
581	815	-45	TerMur	GreenGoblinAlchemistRenowned
526	766	-92	TerMur	FireDaemonRenowned
536	657	8	TerMur	AncientLichRenowned
601	905	-60	TerMur	FireDaemonRenowned
684	579	-15	TerMur	AcidElementalRenowned
440	708	24	TerMur	PixieRenowned
674	828	-109	TerMur	SkeletalDragonRenowned
887	277	3	TerMur	FairyDragon
887	277	3	TerMur	WyvernRenowned
762	3073	105	TerMur	FeralTreefellow
917	3088	37	TerMur	FeralTreefellow
839	3086	83	TerMur	FeralTreefellow
1128	1165	-12	TerMur	Garamon
1121	1132	-42	TerMur	FiddlingTobin
1150	963	-43	TerMur	NevilleBrightwhistle
1089	1128	-42	TerMur	Gretchen
1104	1128	-52	TerMur	ElderDugan
1135	1132	-42	TerMur	QuartermasterFlint
1204	1041	-42	TerMur	Jaacar
1189	989	-27	TerMur	Barreraak
1014	1000	-43	TerMur	Xenrr
1015	976	-27	TerMur	Vernix


# Bad spawns : 3/26/2017 1:11:20 AM
# Format: X Y Z F Name

4547	2321	-2	Felucca	bodysculptor
4569	2304	-2	Felucca	dockmaster
4551	2320	-2	Felucca	boatpainter
992	337	9	TerMur	DevourerRenowned
982	491	-12	TerMur	RakktaviRenowned
919	502	-12	TerMur	VitaviRenowned
949	555	-14	TerMur	TikitaviRenowned
974	161	-11	TerMur	FireElementalRenowned
581	815	-45	TerMur	GrayGoblinMageRenowned
581	815	-45	TerMur	GreenGoblinAlchemistRenowned
526	766	-92	TerMur	FireDaemonRenowned
536	657	8	TerMur	AncientLichRenowned
601	905	-60	TerMur	FireDaemonRenowned
684	579	-15	TerMur	AcidElementalRenowned
440	708	24	TerMur	PixieRenowned
674	828	-109	TerMur	SkeletalDragonRenowned
887	277	3	TerMur	FairyDragon
887	277	3	TerMur	WyvernRenowned
762	3073	105	TerMur	FeralTreefellow
917	3088	37	TerMur	FeralTreefellow
839	3086	83	TerMur	FeralTreefellow
1128	1165	-12	TerMur	Garamon
1121	1132	-42	TerMur	FiddlingTobin
1150	963	-43	TerMur	NevilleBrightwhistle
1089	1128	-42	TerMur	Gretchen
1104	1128	-52	TerMur	ElderDugan
1135	1132	-42	TerMur	QuartermasterFlint
1204	1041	-42	TerMur	Jaacar
1189	989	-27	TerMur	Barreraak
1014	1000	-43	TerMur	Xenrr
1015	976	-27	TerMur	Vernix


# Bad spawns : 3/26/2017 1:21:22 AM
# Format: X Y Z F Name

4547	2321	-2	Felucca	bodysculptor
4569	2304	-2	Felucca	dockmaster
4551	2320	-2	Felucca	boatpainter
992	337	9	TerMur	DevourerRenowned
982	491	-12	TerMur	RakktaviRenowned
919	502	-12	TerMur	VitaviRenowned
949	555	-14	TerMur	TikitaviRenowned
974	161	-11	TerMur	FireElementalRenowned
581	815	-45	TerMur	GrayGoblinMageRenowned
581	815	-45	TerMur	GreenGoblinAlchemistRenowned
526	766	-92	TerMur	FireDaemonRenowned
536	657	8	TerMur	AncientLichRenowned
601	905	-60	TerMur	FireDaemonRenowned
684	579	-15	TerMur	AcidElementalRenowned
440	708	24	TerMur	PixieRenowned
674	828	-109	TerMur	SkeletalDragonRenowned
887	277	3	TerMur	FairyDragon
887	277	3	TerMur	WyvernRenowned
762	3073	105	TerMur	FeralTreefellow
917	3088	37	TerMur	FeralTreefellow
839	3086	83	TerMur	FeralTreefellow
1128	1165	-12	TerMur	Garamon
1121	1132	-42	TerMur	FiddlingTobin
1150	963	-43	TerMur	NevilleBrightwhistle
1089	1128	-42	TerMur	Gretchen
1104	1128	-52	TerMur	ElderDugan
1135	1132	-42	TerMur	QuartermasterFlint
1204	1041	-42	TerMur	Jaacar
1189	989	-27	TerMur	Barreraak
1014	1000	-43	TerMur	Xenrr
1015	976	-27	TerMur	Vernix


# Bad spawns : 3/26/2017 1:27:20 AM
# Format: X Y Z F Name

4547	2321	-2	Felucca	bodysculptor
4569	2304	-2	Felucca	dockmaster
4551	2320	-2	Felucca	boatpainter
992	337	9	TerMur	DevourerRenowned
982	491	-12	TerMur	RakktaviRenowned
919	502	-12	TerMur	VitaviRenowned
949	555	-14	TerMur	TikitaviRenowned
974	161	-11	TerMur	FireElementalRenowned
581	815	-45	TerMur	GrayGoblinMageRenowned
581	815	-45	TerMur	GreenGoblinAlchemistRenowned
526	766	-92	TerMur	FireDaemonRenowned
536	657	8	TerMur	AncientLichRenowned
601	905	-60	TerMur	FireDaemonRenowned
684	579	-15	TerMur	AcidElementalRenowned
440	708	24	TerMur	PixieRenowned
674	828	-109	TerMur	SkeletalDragonRenowned
887	277	3	TerMur	FairyDragon
887	277	3	TerMur	WyvernRenowned
762	3073	105	TerMur	FeralTreefellow
917	3088	37	TerMur	FeralTreefellow
839	3086	83	TerMur	FeralTreefellow
1128	1165	-12	TerMur	Garamon
1121	1132	-42	TerMur	FiddlingTobin
1150	963	-43	TerMur	NevilleBrightwhistle
1089	1128	-42	TerMur	Gretchen
1104	1128	-52	TerMur	ElderDugan
1135	1132	-42	TerMur	QuartermasterFlint
1204	1041	-42	TerMur	Jaacar
1189	989	-27	TerMur	Barreraak
1014	1000	-43	TerMur	Xenrr
1015	976	-27	TerMur	Vernix


# Bad spawns : 3/26/2017 1:31:21 AM
# Format: X Y Z F Name

4547	2321	-2	Felucca	bodysculptor
4569	2304	-2	Felucca	dockmaster
4551	2320	-2	Felucca	boatpainter
992	337	9	TerMur	DevourerRenowned
982	491	-12	TerMur	RakktaviRenowned
919	502	-12	TerMur	VitaviRenowned
949	555	-14	TerMur	TikitaviRenowned
974	161	-11	TerMur	FireElementalRenowned
581	815	-45	TerMur	GrayGoblinMageRenowned
581	815	-45	TerMur	GreenGoblinAlchemistRenowned
526	766	-92	TerMur	FireDaemonRenowned
536	657	8	TerMur	AncientLichRenowned
601	905	-60	TerMur	FireDaemonRenowned
684	579	-15	TerMur	AcidElementalRenowned
440	708	24	TerMur	PixieRenowned
674	828	-109	TerMur	SkeletalDragonRenowned
887	277	3	TerMur	FairyDragon
887	277	3	TerMur	WyvernRenowned
762	3073	105	TerMur	FeralTreefellow
917	3088	37	TerMur	FeralTreefellow
839	3086	83	TerMur	FeralTreefellow
1128	1165	-12	TerMur	Garamon
1121	1132	-42	TerMur	FiddlingTobin
1150	963	-43	TerMur	NevilleBrightwhistle
1089	1128	-42	TerMur	Gretchen
1104	1128	-52	TerMur	ElderDugan
1135	1132	-42	TerMur	QuartermasterFlint
1204	1041	-42	TerMur	Jaacar
1189	989	-27	TerMur	Barreraak
1014	1000	-43	TerMur	Xenrr
1015	976	-27	TerMur	Vernix


# Bad spawns : 3/26/2017 1:37:43 AM
# Format: X Y Z F Name

4547	2321	-2	Felucca	bodysculptor
4569	2304	-2	Felucca	dockmaster
4551	2320	-2	Felucca	boatpainter
992	337	9	TerMur	DevourerRenowned
982	491	-12	TerMur	RakktaviRenowned
919	502	-12	TerMur	VitaviRenowned
949	555	-14	TerMur	TikitaviRenowned
974	161	-11	TerMur	FireElementalRenowned
581	815	-45	TerMur	GrayGoblinMageRenowned
581	815	-45	TerMur	GreenGoblinAlchemistRenowned
526	766	-92	TerMur	FireDaemonRenowned
536	657	8	TerMur	AncientLichRenowned
601	905	-60	TerMur	FireDaemonRenowned
684	579	-15	TerMur	AcidElementalRenowned
440	708	24	TerMur	PixieRenowned
674	828	-109	TerMur	SkeletalDragonRenowned
887	277	3	TerMur	FairyDragon
887	277	3	TerMur	WyvernRenowned
762	3073	105	TerMur	FeralTreefellow
917	3088	37	TerMur	FeralTreefellow
839	3086	83	TerMur	FeralTreefellow
1128	1165	-12	TerMur	Garamon
1121	1132	-42	TerMur	FiddlingTobin
1150	963	-43	TerMur	NevilleBrightwhistle
1089	1128	-42	TerMur	Gretchen
1104	1128	-52	TerMur	ElderDugan
1135	1132	-42	TerMur	QuartermasterFlint
1204	1041	-42	TerMur	Jaacar
1189	989	-27	TerMur	Barreraak
1014	1000	-43	TerMur	Xenrr
1015	976	-27	TerMur	Vernix


# Bad spawns : 3/26/2017 1:45:14 AM
# Format: X Y Z F Name

4547	2321	-2	Felucca	bodysculptor
4569	2304	-2	Felucca	dockmaster
4551	2320	-2	Felucca	boatpainter
992	337	9	TerMur	DevourerRenowned
982	491	-12	TerMur	RakktaviRenowned
919	502	-12	TerMur	VitaviRenowned
949	555	-14	TerMur	TikitaviRenowned
974	161	-11	TerMur	FireElementalRenowned
581	815	-45	TerMur	GrayGoblinMageRenowned
581	815	-45	TerMur	GreenGoblinAlchemistRenowned
526	766	-92	TerMur	FireDaemonRenowned
536	657	8	TerMur	AncientLichRenowned
601	905	-60	TerMur	FireDaemonRenowned
684	579	-15	TerMur	AcidElementalRenowned
440	708	24	TerMur	PixieRenowned
674	828	-109	TerMur	SkeletalDragonRenowned
887	277	3	TerMur	FairyDragon
887	277	3	TerMur	WyvernRenowned
762	3073	105	TerMur	FeralTreefellow
917	3088	37	TerMur	FeralTreefellow
839	3086	83	TerMur	FeralTreefellow
1128	1165	-12	TerMur	Garamon
1121	1132	-42	TerMur	FiddlingTobin
1150	963	-43	TerMur	NevilleBrightwhistle
1089	1128	-42	TerMur	Gretchen
1104	1128	-52	TerMur	ElderDugan
1135	1132	-42	TerMur	QuartermasterFlint
1204	1041	-42	TerMur	Jaacar
1189	989	-27	TerMur	Barreraak
1014	1000	-43	TerMur	Xenrr
1015	976	-27	TerMur	Vernix


# Bad spawns : 3/26/2017 1:48:56 AM
# Format: X Y Z F Name

4547	2321	-2	Felucca	bodysculptor
4569	2304	-2	Felucca	dockmaster
4551	2320	-2	Felucca	boatpainter
992	337	9	TerMur	DevourerRenowned
982	491	-12	TerMur	RakktaviRenowned
919	502	-12	TerMur	VitaviRenowned
949	555	-14	TerMur	TikitaviRenowned
974	161	-11	TerMur	FireElementalRenowned
581	815	-45	TerMur	GrayGoblinMageRenowned
581	815	-45	TerMur	GreenGoblinAlchemistRenowned
526	766	-92	TerMur	FireDaemonRenowned
536	657	8	TerMur	AncientLichRenowned
601	905	-60	TerMur	FireDaemonRenowned
684	579	-15	TerMur	AcidElementalRenowned
440	708	24	TerMur	PixieRenowned
674	828	-109	TerMur	SkeletalDragonRenowned
887	277	3	TerMur	FairyDragon
887	277	3	TerMur	WyvernRenowned
762	3073	105	TerMur	FeralTreefellow
917	3088	37	TerMur	FeralTreefellow
839	3086	83	TerMur	FeralTreefellow
1128	1165	-12	TerMur	Garamon
1121	1132	-42	TerMur	FiddlingTobin
1150	963	-43	TerMur	NevilleBrightwhistle
1089	1128	-42	TerMur	Gretchen
1104	1128	-52	TerMur	ElderDugan
1135	1132	-42	TerMur	QuartermasterFlint
1204	1041	-42	TerMur	Jaacar
1189	989	-27	TerMur	Barreraak
1014	1000	-43	TerMur	Xenrr
1015	976	-27	TerMur	Vernix


# Bad spawns : 3/26/2017 1:51:12 AM
# Format: X Y Z F Name

4547	2321	-2	Felucca	bodysculptor
4569	2304	-2	Felucca	dockmaster
4551	2320	-2	Felucca	boatpainter
992	337	9	TerMur	DevourerRenowned
982	491	-12	TerMur	RakktaviRenowned
919	502	-12	TerMur	VitaviRenowned
949	555	-14	TerMur	TikitaviRenowned
974	161	-11	TerMur	FireElementalRenowned
581	815	-45	TerMur	GrayGoblinMageRenowned
581	815	-45	TerMur	GreenGoblinAlchemistRenowned
526	766	-92	TerMur	FireDaemonRenowned
536	657	8	TerMur	AncientLichRenowned
601	905	-60	TerMur	FireDaemonRenowned
684	579	-15	TerMur	AcidElementalRenowned
440	708	24	TerMur	PixieRenowned
674	828	-109	TerMur	SkeletalDragonRenowned
887	277	3	TerMur	FairyDragon
887	277	3	TerMur	WyvernRenowned
762	3073	105	TerMur	FeralTreefellow
917	3088	37	TerMur	FeralTreefellow
839	3086	83	TerMur	FeralTreefellow
1128	1165	-12	TerMur	Garamon
1121	1132	-42	TerMur	FiddlingTobin
1150	963	-43	TerMur	NevilleBrightwhistle
1089	1128	-42	TerMur	Gretchen
1104	1128	-52	TerMur	ElderDugan
1135	1132	-42	TerMur	QuartermasterFlint
1204	1041	-42	TerMur	Jaacar
1189	989	-27	TerMur	Barreraak
1014	1000	-43	TerMur	Xenrr
1015	976	-27	TerMur	Vernix


# Bad spawns : 3/26/2017 2:08:28 AM
# Format: X Y Z F Name

4547	2321	-2	Felucca	bodysculptor
4569	2304	-2	Felucca	dockmaster
4551	2320	-2	Felucca	boatpainter
992	337	9	TerMur	DevourerRenowned
982	491	-12	TerMur	RakktaviRenowned
919	502	-12	TerMur	VitaviRenowned
949	555	-14	TerMur	TikitaviRenowned
974	161	-11	TerMur	FireElementalRenowned
581	815	-45	TerMur	GrayGoblinMageRenowned
581	815	-45	TerMur	GreenGoblinAlchemistRenowned
526	766	-92	TerMur	FireDaemonRenowned
536	657	8	TerMur	AncientLichRenowned
601	905	-60	TerMur	FireDaemonRenowned
684	579	-15	TerMur	AcidElementalRenowned
440	708	24	TerMur	PixieRenowned
674	828	-109	TerMur	SkeletalDragonRenowned
887	277	3	TerMur	FairyDragon
887	277	3	TerMur	WyvernRenowned
762	3073	105	TerMur	FeralTreefellow
917	3088	37	TerMur	FeralTreefellow
839	3086	83	TerMur	FeralTreefellow
1128	1165	-12	TerMur	Garamon
1121	1132	-42	TerMur	FiddlingTobin
1150	963	-43	TerMur	NevilleBrightwhistle
1089	1128	-42	TerMur	Gretchen
1104	1128	-52	TerMur	ElderDugan
1135	1132	-42	TerMur	QuartermasterFlint
1204	1041	-42	TerMur	Jaacar
1189	989	-27	TerMur	Barreraak
1014	1000	-43	TerMur	Xenrr
1015	976	-27	TerMur	Vernix


# Bad spawns : 3/26/2017 2:10:45 AM
# Format: X Y Z F Name

4547	2321	-2	Felucca	bodysculptor
4569	2304	-2	Felucca	dockmaster
4551	2320	-2	Felucca	boatpainter
992	337	9	TerMur	DevourerRenowned
982	491	-12	TerMur	RakktaviRenowned
919	502	-12	TerMur	VitaviRenowned
949	555	-14	TerMur	TikitaviRenowned
974	161	-11	TerMur	FireElementalRenowned
581	815	-45	TerMur	GrayGoblinMageRenowned
581	815	-45	TerMur	GreenGoblinAlchemistRenowned
526	766	-92	TerMur	FireDaemonRenowned
536	657	8	TerMur	AncientLichRenowned
601	905	-60	TerMur	FireDaemonRenowned
684	579	-15	TerMur	AcidElementalRenowned
440	708	24	TerMur	PixieRenowned
674	828	-109	TerMur	SkeletalDragonRenowned
887	277	3	TerMur	FairyDragon
887	277	3	TerMur	WyvernRenowned
762	3073	105	TerMur	FeralTreefellow
917	3088	37	TerMur	FeralTreefellow
839	3086	83	TerMur	FeralTreefellow
1128	1165	-12	TerMur	Garamon
1121	1132	-42	TerMur	FiddlingTobin
1150	963	-43	TerMur	NevilleBrightwhistle
1089	1128	-42	TerMur	Gretchen
1104	1128	-52	TerMur	ElderDugan
1135	1132	-42	TerMur	QuartermasterFlint
1204	1041	-42	TerMur	Jaacar
1189	989	-27	TerMur	Barreraak
1014	1000	-43	TerMur	Xenrr
1015	976	-27	TerMur	Vernix


# Bad spawns : 3/26/2017 2:17:46 AM
# Format: X Y Z F Name

4547	2321	-2	Felucca	bodysculptor
4569	2304	-2	Felucca	dockmaster
4551	2320	-2	Felucca	boatpainter
992	337	9	TerMur	DevourerRenowned
982	491	-12	TerMur	RakktaviRenowned
919	502	-12	TerMur	VitaviRenowned
949	555	-14	TerMur	TikitaviRenowned
974	161	-11	TerMur	FireElementalRenowned
581	815	-45	TerMur	GrayGoblinMageRenowned
581	815	-45	TerMur	GreenGoblinAlchemistRenowned
526	766	-92	TerMur	FireDaemonRenowned
536	657	8	TerMur	AncientLichRenowned
601	905	-60	TerMur	FireDaemonRenowned
684	579	-15	TerMur	AcidElementalRenowned
440	708	24	TerMur	PixieRenowned
674	828	-109	TerMur	SkeletalDragonRenowned
887	277	3	TerMur	FairyDragon
887	277	3	TerMur	WyvernRenowned
762	3073	105	TerMur	FeralTreefellow
917	3088	37	TerMur	FeralTreefellow
839	3086	83	TerMur	FeralTreefellow
1128	1165	-12	TerMur	Garamon
1121	1132	-42	TerMur	FiddlingTobin
1150	963	-43	TerMur	NevilleBrightwhistle
1089	1128	-42	TerMur	Gretchen
1104	1128	-52	TerMur	ElderDugan
1135	1132	-42	TerMur	QuartermasterFlint
1204	1041	-42	TerMur	Jaacar
1189	989	-27	TerMur	Barreraak
1014	1000	-43	TerMur	Xenrr
1015	976	-27	TerMur	Vernix


